TMS320C2000 Assembler PC v15.12.1 Sat Jun 25 21:32:06 2016

Tools Copyright (c) 1996-2015 Texas Instruments Incorporated
D:/work/DSP/Steering_Engine/F2833x/v141/DSP2833x_common/source/DSP2833x_ADC_cal.asm PAGE    1

       1              ;; TI File $Revision: /main/1 $
       2              ;; Checkin $Date: July 30, 2007   10:29:23 $
       3              ;;###########################################################################
       4              ;;
       5              ;; FILE:    ADC_cal.asm
       6              ;;
       7              ;; TITLE:   2833x Boot Rom ADC Cal routine.
       8              ;;
       9              ;; Functions:
      10              ;;
      11              ;;     _ADC_cal - Copies device specific calibration data into ADCREFSEL and 
      12              ;;                ADCOFFTRIM registers 
      13              ;; Notes:
      14              ;;
      15              ;;###########################################################################
      16              ;; $TI Release: F2833x/F2823x Header Files and Peripheral Examples V141 $
      17              ;; $Release Date: November  6, 2015 $
      18              ;; $Copyright: Copyright (C) 2007-2015 Texas Instruments Incorporated -
      19              ;;             http://www.ti.com/ ALL RIGHTS RESERVED $
      20              ;;###########################################################################
      21              
      22                  .def _ADC_cal
      23                      .asg "0x711C",   ADCREFSEL_LOC
      24              
      25              ;-----------------------------------------------
      26              ; _ADC_cal
      27              ;-----------------------------------------------
      28              ;-----------------------------------------------
      29              ; This is the ADC cal routine.This routine is programmed into 
      30              ; reserved memory by the factory. 0xAAAA and 0xBBBB are place- 
      31              ; holders for calibration data.  
      32              ;The actual values programmed by TI are device specific. 
      33              ;
      34              ; This function assumes that the clocks have been
      35              ; enabled to the ADC module.
      36              ;-----------------------------------------------
      37              
      38 00000000           .sect ".adc_cal"
      39              
      40 00000000       _ADC_cal
      41 00000000 761F      MOVW  DP,   #ADCREFSEL_LOC >> 6
         00000001 01C4 
      42 00000002 281C      MOV   @28,  #0xAAAA            ; actual value may not be 0xAAAA
         00000003 AAAA 
      43 00000004 281D      MOV   @29,  #0xBBBB             ; actual value may not be 0xBBBB
         00000005 BBBB 
      44 00000006 0006      LRETR
      45              ;eof ----------

No Assembly Errors, No Assembly Warnings
