TMS320C2000 Assembler PC v15.12.1 Sat Jun 25 21:32:06 2016

Tools Copyright (c) 1996-2015 Texas Instruments Incorporated
D:/work/DSP/Steering_Engine/F2833x/v141/DSP2833x_common/source/DSP2833x_CodeStartBranch.asm PAGE    1

       1              ;// TI File $Revision: /main/1 $
       2              ;// Checkin $Date: August 18, 2006   13:45:55 $
       3              ;//###########################################################################
       4              ;//
       5              ;// FILE:  DSP2833x_CodeStartBranch.asm 
       6              ;//
       7              ;// TITLE: Branch for redirecting code execution after boot. 
       8              ;//
       9              ;// For these examples, code_start is the first code that is executed after
      10              ;// exiting the boot ROM code. 
      11              ;//
      12              ;// The codestart section in the linker cmd file is used to physically place
      13              ;// this code at the correct memory location.  This section should be placed 
      14              ;// at the location the BOOT ROM will re-direct the code to.  For example, 
      15              ;// for boot to FLASH this code will be located at 0x3f7ff6. 
      16              ;//
      17              ;// In addition, the example DSP2833x projects are setup such that the codegen
      18              ;// entry point is also set to the code_start label.  This is done by linker 
      19              ;// option -e in the project build options.  When the debugger loads the code,
      20              ;// it will automatically set the PC to the "entry point" address indicated by
      21              ;// the -e linker option.  In this case the debugger is simply assigning the PC, 
      22              ;// it is not the same as a full reset of the device. 
      23              ;// 
      24              ;// The compiler may warn that the entry point for the project is other then
      25              ;//  _c_init00.  _c_init00 is the C environment setup and is run before 
      26              ;// main() is entered. The code_start code will re-direct the execution 
      27              ;// to _c_init00 and thus there is no worry and this warning can be ignored. 
      28              ;// 
      29              ;//###########################################################################
      30              ;// $TI Release: F2833x/F2823x Header Files and Peripheral Examples V141 $
      31              ;// $Release Date: November  6, 2015 $
      32              ;// $Copyright: Copyright (C) 2007-2015 Texas Instruments Incorporated -
      33              ;//             http://www.ti.com/ ALL RIGHTS RESERVED $
      34              ;//###########################################################################
      35              
      36              
      37              ***********************************************************************
      38              
      39        0001  WD_DISABLE      .set    1               ;set to 1 to disable WD, else set to 0
      40              
      41                  .ref _c_int00
      42                  .global code_start
      43              
      44              ***********************************************************************
      45              * Function: codestart section
      46              *
      47              * Description: Branch to code starting point
      48              ***********************************************************************
      49              
      50 00000000           .sect "codestart"
      51              
      52              code_start:
      53                  .if WD_DISABLE == 1
      54 00000000 0040'         LB wd_disable       ;Branch to watchdog disable code
         00000001 0000 
TMS320C2000 Assembler PC v15.12.1 Sat Jun 25 21:32:06 2016

Tools Copyright (c) 1996-2015 Texas Instruments Incorporated
D:/work/DSP/Steering_Engine/F2833x/v141/DSP2833x_common/source/DSP2833x_CodeStartBranch.asm PAGE    2

      55                  .else
      56                      LB _c_int00         ;Branch to start of boot.asm in RTS library
      57                  .endif
      58              
      59              ;end codestart section
      60              
      61              
      62              ***********************************************************************
      63              * Function: wd_disable
      64              *
      65              * Description: Disables the watchdog timer
      66              ***********************************************************************
      67                  .if WD_DISABLE == 1
      68              
      69 00000000           .text
      70 00000000       wd_disable:
      71 00000000 561F      SETC OBJMODE        ;Set OBJMODE for 28x object code
      72 00000001 7622      EALLOW              ;Enable EALLOW protected register access
      73 00000002 B9C0      MOVZ DP, #7029h>>6  ;Set data page for WDCR register
      74 00000003 2829      MOV @7029h, #0068h  ;Set WDDIS bit in WDCR to disable WD
         00000004 0068 
      75 00000005 761A      EDIS                ;Disable EALLOW protected register access
      76 00000006 0040!     LB _c_int00         ;Branch to start of boot.asm in RTS library
         00000007 0000 
      77              
      78                  .endif
      79              
      80              ;end wd_disable
      81              
      82              
      83              
      84                      .end

No Assembly Errors, No Assembly Warnings
