TMS320C2000 Assembler PC v15.12.1 Sat Jun 25 21:32:06 2016

Tools Copyright (c) 1996-2015 Texas Instruments Incorporated
C:\Users\RJKJ_ZGH\AppData\Local\Temp\1012810                         PAGE    1

       1              ;***************************************************************
       2              ;* TMS320C2000 C/C++ Codegen                   PC v15.12.1.LTS *
       3              ;* Date/Time created: Sat Jun 25 21:32:06 2016                 *
       4              ;***************************************************************
       5                      .compiler_opts --abi=coffabi --float_support=fpu32 --hll_source=on --mem_model:code=flat --mem_model:
       6        0002  FP      .set    XAR2
       7              
       8              $C$DW$CU        .dwtag  DW_TAG_compile_unit
       9                      .dwattr $C$DW$CU, DW_AT_name("D:/work/DSP/Steering_Engine/F2833x/v141/DSP2833x_common/source/DSP2833x
      10                      .dwattr $C$DW$CU, DW_AT_producer("TI TMS320C2000 C/C++ Codegen PC v15.12.1.LTS Copyright (c) 1996-201
      11                      .dwattr $C$DW$CU, DW_AT_TI_version(0x01)
      12                      .dwattr $C$DW$CU, DW_AT_comp_dir("D:\work\DSP\Steering_Engine\F2833x\v141\DSP2833x_examples_ccsv5\fpu
      13                      .global _CpuTimer1
      14 00000000       _CpuTimer1:     .usect  ".ebss",8,1,1
      15              $C$DW$1 .dwtag  DW_TAG_variable
      16                      .dwattr $C$DW$1, DW_AT_name("CpuTimer1")
      17                      .dwattr $C$DW$1, DW_AT_TI_symbol_name("_CpuTimer1")
      18                      .dwattr $C$DW$1, DW_AT_location[DW_OP_addr _CpuTimer1]
      19                      .dwattr $C$DW$1, DW_AT_type(*$C$DW$T$24)
      20                      .dwattr $C$DW$1, DW_AT_external
      21              
      22                      .global _CpuTimer2
      23 00000008       _CpuTimer2:     .usect  ".ebss",8,1,1
      24              $C$DW$2 .dwtag  DW_TAG_variable
      25                      .dwattr $C$DW$2, DW_AT_name("CpuTimer2")
      26                      .dwattr $C$DW$2, DW_AT_TI_symbol_name("_CpuTimer2")
      27                      .dwattr $C$DW$2, DW_AT_location[DW_OP_addr _CpuTimer2]
      28                      .dwattr $C$DW$2, DW_AT_type(*$C$DW$T$24)
      29                      .dwattr $C$DW$2, DW_AT_external
      30              
      31                      .global _CpuTimer0
      32 00000010       _CpuTimer0:     .usect  ".ebss",8,1,1
      33              $C$DW$3 .dwtag  DW_TAG_variable
      34                      .dwattr $C$DW$3, DW_AT_name("CpuTimer0")
      35                      .dwattr $C$DW$3, DW_AT_TI_symbol_name("_CpuTimer0")
      36                      .dwattr $C$DW$3, DW_AT_location[DW_OP_addr _CpuTimer0]
      37                      .dwattr $C$DW$3, DW_AT_type(*$C$DW$T$24)
      38                      .dwattr $C$DW$3, DW_AT_external
      39              
      40              $C$DW$4 .dwtag  DW_TAG_variable
      41                      .dwattr $C$DW$4, DW_AT_name("CpuTimer1Regs")
      42                      .dwattr $C$DW$4, DW_AT_TI_symbol_name("_CpuTimer1Regs")
      43                      .dwattr $C$DW$4, DW_AT_type(*$C$DW$T$21)
      44                      .dwattr $C$DW$4, DW_AT_declaration
      45                      .dwattr $C$DW$4, DW_AT_external
      46              
      47              $C$DW$5 .dwtag  DW_TAG_variable
      48                      .dwattr $C$DW$5, DW_AT_name("CpuTimer2Regs")
      49                      .dwattr $C$DW$5, DW_AT_TI_symbol_name("_CpuTimer2Regs")
      50                      .dwattr $C$DW$5, DW_AT_type(*$C$DW$T$21)
      51                      .dwattr $C$DW$5, DW_AT_declaration
      52                      .dwattr $C$DW$5, DW_AT_external
      53              
      54              $C$DW$6 .dwtag  DW_TAG_variable
      55                      .dwattr $C$DW$6, DW_AT_name("CpuTimer0Regs")
TMS320C2000 Assembler PC v15.12.1 Sat Jun 25 21:32:06 2016

Tools Copyright (c) 1996-2015 Texas Instruments Incorporated
C:\Users\RJKJ_ZGH\AppData\Local\Temp\1012810                         PAGE    2

      56                      .dwattr $C$DW$6, DW_AT_TI_symbol_name("_CpuTimer0Regs")
      57                      .dwattr $C$DW$6, DW_AT_type(*$C$DW$T$21)
      58                      .dwattr $C$DW$6, DW_AT_declaration
      59                      .dwattr $C$DW$6, DW_AT_external
      60              
      61              ;       C:\ti\ccsv6\tools\compiler\ti-cgt-c2000_15.12.1.LTS\bin\ac2000.exe -@C:\\Users\\RJKJ_ZGH\\AppData\\Lo
      62 00000000               .sect   ".text"
      63                      .clink
      64                      .global _InitCpuTimers
      65              
      66              $C$DW$7 .dwtag  DW_TAG_subprogram
      67                      .dwattr $C$DW$7, DW_AT_name("InitCpuTimers")
      68                      .dwattr $C$DW$7, DW_AT_low_pc(_InitCpuTimers)
      69                      .dwattr $C$DW$7, DW_AT_high_pc(0x00)
      70                      .dwattr $C$DW$7, DW_AT_TI_symbol_name("_InitCpuTimers")
      71                      .dwattr $C$DW$7, DW_AT_external
      72                      .dwattr $C$DW$7, DW_AT_TI_begin_file("D:/work/DSP/Steering_Engine/F2833x/v141/DSP2833x_common/source/
      73                      .dwattr $C$DW$7, DW_AT_TI_begin_line(0x22)
      74                      .dwattr $C$DW$7, DW_AT_TI_begin_column(0x06)
      75                      .dwattr $C$DW$7, DW_AT_TI_max_frame_size(-2)
      76                      .dwpsn  file "D:/work/DSP/Steering_Engine/F2833x/v141/DSP2833x_common/source/DSP2833x_CpuTimers.c",li
      77              
      78                      .dwfde $C$DW$CIE, _InitCpuTimers
      79              
      80              ;***************************************************************
      81              ;* FNAME: _InitCpuTimers                FR SIZE:   0           *
      82              ;*                                                             *
      83              ;* FUNCTION ENVIRONMENT                                        *
      84              ;*                                                             *
      85              ;* FUNCTION PROPERTIES                                         *
      86              ;*                            0 Parameter,  0 Auto,  0 SOE     *
      87              ;***************************************************************
      88              
      89 00000000       _InitCpuTimers:
      90                      .dwcfi  cfa_offset, -2
      91                      .dwcfi  save_reg_to_mem, 26, 0
      92                      .dwpsn  file "D:/work/DSP/Steering_Engine/F2833x/v141/DSP2833x_common/source/DSP2833x_CpuTimers.c",li
      93 00000000 8F00!         MOVL      XAR4,#_CpuTimer0Regs  ; [CPU_U] |38| 
         00000001 0000 
      94 00000002 761F-         MOVW      DP,#_CpuTimer0        ; [CPU_U] 
         00000003 0000 
      95 00000004 A810-         MOVL      @_CpuTimer0,XAR4      ; [CPU_] |38| 
      96                      .dwpsn  file "D:/work/DSP/Steering_Engine/F2833x/v141/DSP2833x_common/source/DSP2833x_CpuTimers.c",li
      97 00000005 0200          MOVB      ACC,#0                ; [CPU_] |40| 
      98 00000006 761F!         MOVW      DP,#_CpuTimer0Regs+2  ; [CPU_U] 
         00000007 0000 
      99 00000008 1901          SUBB      ACC,#1                ; [CPU_] |40| 
     100 00000009 1E02!         MOVL      @_CpuTimer0Regs+2,ACC ; [CPU_] |40| 
     101                      .dwpsn  file "D:/work/DSP/Steering_Engine/F2833x/v141/DSP2833x_common/source/DSP2833x_CpuTimers.c",li
     102 0000000a 2B06!         MOV       @_CpuTimer0Regs+6,#0  ; [CPU_] |42| 
     103                      .dwpsn  file "D:/work/DSP/Steering_Engine/F2833x/v141/DSP2833x_common/source/DSP2833x_CpuTimers.c",li
     104 0000000b 2B07!         MOV       @_CpuTimer0Regs+7,#0  ; [CPU_] |43| 
     105                      .dwpsn  file "D:/work/DSP/Steering_Engine/F2833x/v141/DSP2833x_common/source/DSP2833x_CpuTimers.c",li
     106 0000000c 1A04!         OR        @_CpuTimer0Regs+4,#0x0010 ; [CPU_] |45| 
         0000000d 0010 
TMS320C2000 Assembler PC v15.12.1 Sat Jun 25 21:32:06 2016

Tools Copyright (c) 1996-2015 Texas Instruments Incorporated
C:\Users\RJKJ_ZGH\AppData\Local\Temp\1012810                         PAGE    3

     107                      .dwpsn  file "D:/work/DSP/Steering_Engine/F2833x/v141/DSP2833x_common/source/DSP2833x_CpuTimers.c",li
     108 0000000e 1A04!         OR        @_CpuTimer0Regs+4,#0x0020 ; [CPU_] |47| 
         0000000f 0020 
     109                      .dwpsn  file "D:/work/DSP/Steering_Engine/F2833x/v141/DSP2833x_common/source/DSP2833x_CpuTimers.c",li
     110 00000010 0200          MOVB      ACC,#0                ; [CPU_] |49| 
     111 00000011 761F-         MOVW      DP,#_CpuTimer0+2      ; [CPU_U] 
         00000012 0000 
     112 00000013 1E12-         MOVL      @_CpuTimer0+2,ACC     ; [CPU_] |49| 
     113                      .dwpsn  file "D:/work/DSP/Steering_Engine/F2833x/v141/DSP2833x_common/source/DSP2833x_CpuTimers.c",li
     114 00000014 8F00!         MOVL      XAR4,#_CpuTimer1Regs  ; [CPU_U] |57| 
         00000015 0000 
     115 00000016 A800-         MOVL      @_CpuTimer1,XAR4      ; [CPU_] |57| 
     116                      .dwpsn  file "D:/work/DSP/Steering_Engine/F2833x/v141/DSP2833x_common/source/DSP2833x_CpuTimers.c",li
     117 00000017 8F00!         MOVL      XAR4,#_CpuTimer2Regs  ; [CPU_U] |58| 
         00000018 0000 
     118 00000019 A808-         MOVL      @_CpuTimer2,XAR4      ; [CPU_] |58| 
     119                      .dwpsn  file "D:/work/DSP/Steering_Engine/F2833x/v141/DSP2833x_common/source/DSP2833x_CpuTimers.c",li
     120 0000001a 761F!         MOVW      DP,#_CpuTimer1Regs+2  ; [CPU_U] 
         0000001b 0000 
     121 0000001c 1901          SUBB      ACC,#1                ; [CPU_] |60| 
     122 0000001d 1E02!         MOVL      @_CpuTimer1Regs+2,ACC ; [CPU_] |60| 
     123                      .dwpsn  file "D:/work/DSP/Steering_Engine/F2833x/v141/DSP2833x_common/source/DSP2833x_CpuTimers.c",li
     124 0000001e 761F!         MOVW      DP,#_CpuTimer2Regs+2  ; [CPU_U] 
         0000001f 0000 
     125 00000020 0200          MOVB      ACC,#0                ; [CPU_] |61| 
     126 00000021 1901          SUBB      ACC,#1                ; [CPU_] |61| 
     127 00000022 1E02!         MOVL      @_CpuTimer2Regs+2,ACC ; [CPU_] |61| 
     128                      .dwpsn  file "D:/work/DSP/Steering_Engine/F2833x/v141/DSP2833x_common/source/DSP2833x_CpuTimers.c",li
     129 00000023 761F!         MOVW      DP,#_CpuTimer1Regs+4  ; [CPU_U] 
         00000024 0000 
     130 00000025 1A04!         OR        @_CpuTimer1Regs+4,#0x0010 ; [CPU_] |63| 
         00000026 0010 
     131                      .dwpsn  file "D:/work/DSP/Steering_Engine/F2833x/v141/DSP2833x_common/source/DSP2833x_CpuTimers.c",li
     132 00000027 761F!         MOVW      DP,#_CpuTimer2Regs+4  ; [CPU_U] 
         00000028 0000 
     133 00000029 1A04!         OR        @_CpuTimer2Regs+4,#0x0010 ; [CPU_] |64| 
         0000002a 0010 
     134                      .dwpsn  file "D:/work/DSP/Steering_Engine/F2833x/v141/DSP2833x_common/source/DSP2833x_CpuTimers.c",li
     135 0000002b 761F!         MOVW      DP,#_CpuTimer1Regs+4  ; [CPU_U] 
         0000002c 0000 
     136 0000002d 1A04!         OR        @_CpuTimer1Regs+4,#0x0020 ; [CPU_] |66| 
         0000002e 0020 
     137                      .dwpsn  file "D:/work/DSP/Steering_Engine/F2833x/v141/DSP2833x_common/source/DSP2833x_CpuTimers.c",li
     138 0000002f 761F!         MOVW      DP,#_CpuTimer2Regs+4  ; [CPU_U] 
         00000030 0000 
     139 00000031 1A04!         OR        @_CpuTimer2Regs+4,#0x0020 ; [CPU_] |67| 
         00000032 0020 
     140                      .dwpsn  file "D:/work/DSP/Steering_Engine/F2833x/v141/DSP2833x_common/source/DSP2833x_CpuTimers.c",li
     141 00000033 761F-         MOVW      DP,#_CpuTimer1+2      ; [CPU_U] 
         00000034 0000 
     142 00000035 0200          MOVB      ACC,#0                ; [CPU_] |69| 
     143 00000036 1E02-         MOVL      @_CpuTimer1+2,ACC     ; [CPU_] |69| 
     144                      .dwpsn  file "D:/work/DSP/Steering_Engine/F2833x/v141/DSP2833x_common/source/DSP2833x_CpuTimers.c",li
     145 00000037 1E0A-         MOVL      @_CpuTimer2+2,ACC     ; [CPU_] |70| 
     146                      .dwpsn  file "D:/work/DSP/Steering_Engine/F2833x/v141/DSP2833x_common/source/DSP2833x_CpuTimers.c",li
TMS320C2000 Assembler PC v15.12.1 Sat Jun 25 21:32:06 2016

Tools Copyright (c) 1996-2015 Texas Instruments Incorporated
C:\Users\RJKJ_ZGH\AppData\Local\Temp\1012810                         PAGE    4

     147              $C$DW$8 .dwtag  DW_TAG_TI_branch
     148                      .dwattr $C$DW$8, DW_AT_low_pc(0x00)
     149                      .dwattr $C$DW$8, DW_AT_TI_return
     150              
     151 00000038 0006          LRETR     ; [CPU_] 
     152                      ; return occurs ; [] 
     153                      .dwattr $C$DW$7, DW_AT_TI_end_file("D:/work/DSP/Steering_Engine/F2833x/v141/DSP2833x_common/source/DS
     154                      .dwattr $C$DW$7, DW_AT_TI_end_line(0x48)
     155                      .dwattr $C$DW$7, DW_AT_TI_end_column(0x01)
     156                      .dwendentry
     157                      .dwendtag $C$DW$7
     158              
     159 00000039               .sect   ".text"
     160                      .clink
     161                      .global _ConfigCpuTimer
     162              
     163              $C$DW$9 .dwtag  DW_TAG_subprogram
     164                      .dwattr $C$DW$9, DW_AT_name("ConfigCpuTimer")
     165                      .dwattr $C$DW$9, DW_AT_low_pc(_ConfigCpuTimer)
     166                      .dwattr $C$DW$9, DW_AT_high_pc(0x00)
     167                      .dwattr $C$DW$9, DW_AT_TI_symbol_name("_ConfigCpuTimer")
     168                      .dwattr $C$DW$9, DW_AT_external
     169                      .dwattr $C$DW$9, DW_AT_TI_begin_file("D:/work/DSP/Steering_Engine/F2833x/v141/DSP2833x_common/source/
     170                      .dwattr $C$DW$9, DW_AT_TI_begin_line(0x52)
     171                      .dwattr $C$DW$9, DW_AT_TI_begin_column(0x06)
     172                      .dwattr $C$DW$9, DW_AT_TI_max_frame_size(-10)
     173                      .dwpsn  file "D:/work/DSP/Steering_Engine/F2833x/v141/DSP2833x_common/source/DSP2833x_CpuTimers.c",li
     174              
     175                      .dwfde $C$DW$CIE, _ConfigCpuTimer
     176              $C$DW$10        .dwtag  DW_TAG_formal_parameter
     177                      .dwattr $C$DW$10, DW_AT_name("Timer")
     178                      .dwattr $C$DW$10, DW_AT_TI_symbol_name("_Timer")
     179                      .dwattr $C$DW$10, DW_AT_type(*$C$DW$T$35)
     180                      .dwattr $C$DW$10, DW_AT_location[DW_OP_reg12]
     181              
     182              $C$DW$11        .dwtag  DW_TAG_formal_parameter
     183                      .dwattr $C$DW$11, DW_AT_name("Freq")
     184                      .dwattr $C$DW$11, DW_AT_TI_symbol_name("_Freq")
     185                      .dwattr $C$DW$11, DW_AT_type(*$C$DW$T$16)
     186                      .dwattr $C$DW$11, DW_AT_location[DW_OP_regx 0x2b]
     187              
     188              $C$DW$12        .dwtag  DW_TAG_formal_parameter
     189                      .dwattr $C$DW$12, DW_AT_name("Period")
     190                      .dwattr $C$DW$12, DW_AT_TI_symbol_name("_Period")
     191                      .dwattr $C$DW$12, DW_AT_type(*$C$DW$T$16)
     192                      .dwattr $C$DW$12, DW_AT_location[DW_OP_regx 0x2f]
     193              
     194              
     195              ;***************************************************************
     196              ;* FNAME: _ConfigCpuTimer               FR SIZE:   8           *
     197              ;*                                                             *
     198              ;* FUNCTION ENVIRONMENT                                        *
     199              ;*                                                             *
     200              ;* FUNCTION PROPERTIES                                         *
     201              ;*                            0 Parameter,  8 Auto,  0 SOE     *
TMS320C2000 Assembler PC v15.12.1 Sat Jun 25 21:32:06 2016

Tools Copyright (c) 1996-2015 Texas Instruments Incorporated
C:\Users\RJKJ_ZGH\AppData\Local\Temp\1012810                         PAGE    5

     202              ;***************************************************************
     203              
     204 00000039       _ConfigCpuTimer:
     205                      .dwcfi  cfa_offset, -2
     206                      .dwcfi  save_reg_to_mem, 26, 0
     207 00000039 FE08          ADDB      SP,#8                 ; [CPU_U] 
     208                      .dwcfi  cfa_offset, -10
     209              $C$DW$13        .dwtag  DW_TAG_variable
     210                      .dwattr $C$DW$13, DW_AT_name("Timer")
     211                      .dwattr $C$DW$13, DW_AT_TI_symbol_name("_Timer")
     212                      .dwattr $C$DW$13, DW_AT_type(*$C$DW$T$35)
     213                      .dwattr $C$DW$13, DW_AT_location[DW_OP_breg20 -2]
     214              
     215              $C$DW$14        .dwtag  DW_TAG_variable
     216                      .dwattr $C$DW$14, DW_AT_name("Freq")
     217                      .dwattr $C$DW$14, DW_AT_TI_symbol_name("_Freq")
     218                      .dwattr $C$DW$14, DW_AT_type(*$C$DW$T$16)
     219                      .dwattr $C$DW$14, DW_AT_location[DW_OP_breg20 -4]
     220              
     221              $C$DW$15        .dwtag  DW_TAG_variable
     222                      .dwattr $C$DW$15, DW_AT_name("Period")
     223                      .dwattr $C$DW$15, DW_AT_TI_symbol_name("_Period")
     224                      .dwattr $C$DW$15, DW_AT_type(*$C$DW$T$16)
     225                      .dwattr $C$DW$15, DW_AT_location[DW_OP_breg20 -6]
     226              
     227              $C$DW$16        .dwtag  DW_TAG_variable
     228                      .dwattr $C$DW$16, DW_AT_name("temp")
     229                      .dwattr $C$DW$16, DW_AT_TI_symbol_name("_temp")
     230                      .dwattr $C$DW$16, DW_AT_type(*$C$DW$T$23)
     231                      .dwattr $C$DW$16, DW_AT_location[DW_OP_breg20 -8]
     232              
     233 0000003a E203          MOV32     *-SP[6],R1H           ; [CPU_] |83| 
         0000003b 0146 
     234 0000003c E203          MOV32     *-SP[4],R0H           ; [CPU_] |83| 
         0000003d 0044 
     235 0000003e A842          MOVL      *-SP[2],XAR4          ; [CPU_] |83| 
     236                      .dwpsn  file "D:/work/DSP/Steering_Engine/F2833x/v141/DSP2833x_common/source/DSP2833x_CpuTimers.c",li
     237 0000003f 0644          MOVL      ACC,*-SP[4]           ; [CPU_] |87| 
     238 00000040 1EE4          MOVL      *+XAR4[4],ACC         ; [CPU_] |87| 
     239                      .dwpsn  file "D:/work/DSP/Steering_Engine/F2833x/v141/DSP2833x_common/source/DSP2833x_CpuTimers.c",li
     240 00000041 8A42          MOVL      XAR4,*-SP[2]          ; [CPU_] |88| 
     241 00000042 0646          MOVL      ACC,*-SP[6]           ; [CPU_] |88| 
     242 00000043 1EF4          MOVL      *+XAR4[6],ACC         ; [CPU_] |88| 
     243                      .dwpsn  file "D:/work/DSP/Steering_Engine/F2833x/v141/DSP2833x_common/source/DSP2833x_CpuTimers.c",li
     244 00000044 E2AF          MOV32     R0H,*-SP[4]           ; [CPU_] |89| 
         00000045 0044 
     245 00000046 E2AF          MOV32     R1H,*-SP[6]           ; [CPU_] |89| 
         00000047 0146 
     246 00000048 E700          MPYF32    R0H,R1H,R0H           ; [CPU_] |89| 
         00000049 0008 
     247 0000004a 7700          NOP       ; [CPU_] 
     248 0000004b E688          F32TOI32  R0H,R0H               ; [CPU_] |89| 
         0000004c 0000 
     249 0000004d 7700          NOP       ; [CPU_] 
     250 0000004e E203          MOV32     *-SP[8],R0H           ; [CPU_] |89| 
TMS320C2000 Assembler PC v15.12.1 Sat Jun 25 21:32:06 2016

Tools Copyright (c) 1996-2015 Texas Instruments Incorporated
C:\Users\RJKJ_ZGH\AppData\Local\Temp\1012810                         PAGE    6

         0000004f 0048 
     251                      .dwpsn  file "D:/work/DSP/Steering_Engine/F2833x/v141/DSP2833x_common/source/DSP2833x_CpuTimers.c",li
     252 00000050 8A42          MOVL      XAR4,*-SP[2]          ; [CPU_] |90| 
     253 00000051 8AC4          MOVL      XAR4,*+XAR4[0]        ; [CPU_] |90| 
     254 00000052 0648          MOVL      ACC,*-SP[8]           ; [CPU_] |90| 
     255 00000053 1ED4          MOVL      *+XAR4[2],ACC         ; [CPU_] |90| 
     256                      .dwpsn  file "D:/work/DSP/Steering_Engine/F2833x/v141/DSP2833x_common/source/DSP2833x_CpuTimers.c",li
     257 00000054 8A42          MOVL      XAR4,*-SP[2]          ; [CPU_] |93| 
     258 00000055 8AC4          MOVL      XAR4,*+XAR4[0]        ; [CPU_] |93| 
     259 00000056 2BF4          MOV       *+XAR4[6],#0          ; [CPU_] |93| 
     260                      .dwpsn  file "D:/work/DSP/Steering_Engine/F2833x/v141/DSP2833x_common/source/DSP2833x_CpuTimers.c",li
     261 00000057 8A42          MOVL      XAR4,*-SP[2]          ; [CPU_] |94| 
     262 00000058 8AC4          MOVL      XAR4,*+XAR4[0]        ; [CPU_] |94| 
     263 00000059 2BFC          MOV       *+XAR4[7],#0          ; [CPU_] |94| 
     264                      .dwpsn  file "D:/work/DSP/Steering_Engine/F2833x/v141/DSP2833x_common/source/DSP2833x_CpuTimers.c",li
     265 0000005a 8A42          MOVL      XAR4,*-SP[2]          ; [CPU_] |97| 
     266 0000005b 8AC4          MOVL      XAR4,*+XAR4[0]        ; [CPU_] |97| 
     267 0000005c 1AE4          OR        *+XAR4[4],#0x0010     ; [CPU_] |97| 
         0000005d 0010 
     268                      .dwpsn  file "D:/work/DSP/Steering_Engine/F2833x/v141/DSP2833x_common/source/DSP2833x_CpuTimers.c",li
     269 0000005e 8A42          MOVL      XAR4,*-SP[2]          ; [CPU_] |98| 
     270 0000005f 8AC4          MOVL      XAR4,*+XAR4[0]        ; [CPU_] |98| 
     271 00000060 1AE4          OR        *+XAR4[4],#0x0020     ; [CPU_] |98| 
         00000061 0020 
     272                      .dwpsn  file "D:/work/DSP/Steering_Engine/F2833x/v141/DSP2833x_common/source/DSP2833x_CpuTimers.c",li
     273 00000062 8A42          MOVL      XAR4,*-SP[2]          ; [CPU_] |99| 
     274 00000063 8AC4          MOVL      XAR4,*+XAR4[0]        ; [CPU_] |99| 
     275 00000064 1AE4          OR        *+XAR4[4],#0x0400     ; [CPU_] |99| 
         00000065 0400 
     276                      .dwpsn  file "D:/work/DSP/Steering_Engine/F2833x/v141/DSP2833x_common/source/DSP2833x_CpuTimers.c",li
     277 00000066 8A42          MOVL      XAR4,*-SP[2]          ; [CPU_] |100| 
     278 00000067 8AC4          MOVL      XAR4,*+XAR4[0]        ; [CPU_] |100| 
     279 00000068 1AE4          OR        *+XAR4[4],#0x0800     ; [CPU_] |100| 
         00000069 0800 
     280                      .dwpsn  file "D:/work/DSP/Steering_Engine/F2833x/v141/DSP2833x_common/source/DSP2833x_CpuTimers.c",li
     281 0000006a 8A42          MOVL      XAR4,*-SP[2]          ; [CPU_] |101| 
     282 0000006b 8AC4          MOVL      XAR4,*+XAR4[0]        ; [CPU_] |101| 
     283 0000006c 1AE4          OR        *+XAR4[4],#0x4000     ; [CPU_] |101| 
         0000006d 4000 
     284                      .dwpsn  file "D:/work/DSP/Steering_Engine/F2833x/v141/DSP2833x_common/source/DSP2833x_CpuTimers.c",li
     285 0000006e 8A42          MOVL      XAR4,*-SP[2]          ; [CPU_] |104| 
     286 0000006f 0200          MOVB      ACC,#0                ; [CPU_] |104| 
     287 00000070 1ED4          MOVL      *+XAR4[2],ACC         ; [CPU_] |104| 
     288                      .dwpsn  file "D:/work/DSP/Steering_Engine/F2833x/v141/DSP2833x_common/source/DSP2833x_CpuTimers.c",li
     289 00000071 FE88          SUBB      SP,#8                 ; [CPU_U] 
     290                      .dwcfi  cfa_offset, -2
     291              $C$DW$17        .dwtag  DW_TAG_TI_branch
     292                      .dwattr $C$DW$17, DW_AT_low_pc(0x00)
     293                      .dwattr $C$DW$17, DW_AT_TI_return
     294              
     295 00000072 0006          LRETR     ; [CPU_] 
     296                      ; return occurs ; [] 
     297                      .dwattr $C$DW$9, DW_AT_TI_end_file("D:/work/DSP/Steering_Engine/F2833x/v141/DSP2833x_common/source/DS
     298                      .dwattr $C$DW$9, DW_AT_TI_end_line(0x69)
     299                      .dwattr $C$DW$9, DW_AT_TI_end_column(0x01)
TMS320C2000 Assembler PC v15.12.1 Sat Jun 25 21:32:06 2016

Tools Copyright (c) 1996-2015 Texas Instruments Incorporated
C:\Users\RJKJ_ZGH\AppData\Local\Temp\1012810                         PAGE    7

     300                      .dwendentry
     301                      .dwendtag $C$DW$9
     302              
     303              ;**************************************************************
     304              ;* UNDEFINED EXTERNAL REFERENCES                              *
     305              ;**************************************************************
     306                      .global _CpuTimer1Regs
     307                      .global _CpuTimer2Regs
     308                      .global _CpuTimer0Regs
     309              
     310              ;***************************************************************
     311              ;* TYPE INFORMATION                                            *
     312              ;***************************************************************
     313              
     314              $C$DW$T$20      .dwtag  DW_TAG_structure_type
     315                      .dwattr $C$DW$T$20, DW_AT_name("CPUTIMER_REGS")
     316                      .dwattr $C$DW$T$20, DW_AT_byte_size(0x08)
     317              $C$DW$18        .dwtag  DW_TAG_member
     318                      .dwattr $C$DW$18, DW_AT_type(*$C$DW$T$29)
     319                      .dwattr $C$DW$18, DW_AT_name("TIM")
     320                      .dwattr $C$DW$18, DW_AT_TI_symbol_name("_TIM")
     321                      .dwattr $C$DW$18, DW_AT_data_member_location[DW_OP_plus_uconst 0x0]
     322                      .dwattr $C$DW$18, DW_AT_accessibility(DW_ACCESS_public)
     323              
     324              $C$DW$19        .dwtag  DW_TAG_member
     325                      .dwattr $C$DW$19, DW_AT_type(*$C$DW$T$25)
     326                      .dwattr $C$DW$19, DW_AT_name("PRD")
     327                      .dwattr $C$DW$19, DW_AT_TI_symbol_name("_PRD")
     328                      .dwattr $C$DW$19, DW_AT_data_member_location[DW_OP_plus_uconst 0x2]
     329                      .dwattr $C$DW$19, DW_AT_accessibility(DW_ACCESS_public)
     330              
     331              $C$DW$20        .dwtag  DW_TAG_member
     332                      .dwattr $C$DW$20, DW_AT_type(*$C$DW$T$28)
     333                      .dwattr $C$DW$20, DW_AT_name("TCR")
     334                      .dwattr $C$DW$20, DW_AT_TI_symbol_name("_TCR")
     335                      .dwattr $C$DW$20, DW_AT_data_member_location[DW_OP_plus_uconst 0x4]
     336                      .dwattr $C$DW$20, DW_AT_accessibility(DW_ACCESS_public)
     337              
     338              $C$DW$21        .dwtag  DW_TAG_member
     339                      .dwattr $C$DW$21, DW_AT_type(*$C$DW$T$19)
     340                      .dwattr $C$DW$21, DW_AT_name("rsvd1")
     341                      .dwattr $C$DW$21, DW_AT_TI_symbol_name("_rsvd1")
     342                      .dwattr $C$DW$21, DW_AT_data_member_location[DW_OP_plus_uconst 0x5]
     343                      .dwattr $C$DW$21, DW_AT_accessibility(DW_ACCESS_public)
     344              
     345              $C$DW$22        .dwtag  DW_TAG_member
     346                      .dwattr $C$DW$22, DW_AT_type(*$C$DW$T$34)
     347                      .dwattr $C$DW$22, DW_AT_name("TPR")
     348                      .dwattr $C$DW$22, DW_AT_TI_symbol_name("_TPR")
     349                      .dwattr $C$DW$22, DW_AT_data_member_location[DW_OP_plus_uconst 0x6]
     350                      .dwattr $C$DW$22, DW_AT_accessibility(DW_ACCESS_public)
     351              
     352              $C$DW$23        .dwtag  DW_TAG_member
     353                      .dwattr $C$DW$23, DW_AT_type(*$C$DW$T$32)
     354                      .dwattr $C$DW$23, DW_AT_name("TPRH")
TMS320C2000 Assembler PC v15.12.1 Sat Jun 25 21:32:06 2016

Tools Copyright (c) 1996-2015 Texas Instruments Incorporated
C:\Users\RJKJ_ZGH\AppData\Local\Temp\1012810                         PAGE    8

     355                      .dwattr $C$DW$23, DW_AT_TI_symbol_name("_TPRH")
     356                      .dwattr $C$DW$23, DW_AT_data_member_location[DW_OP_plus_uconst 0x7]
     357                      .dwattr $C$DW$23, DW_AT_accessibility(DW_ACCESS_public)
     358              
     359                      .dwendtag $C$DW$T$20
     360              
     361              $C$DW$24        .dwtag  DW_TAG_TI_far_type
     362                      .dwattr $C$DW$24, DW_AT_type(*$C$DW$T$20)
     363              
     364              $C$DW$T$21      .dwtag  DW_TAG_volatile_type
     365                      .dwattr $C$DW$T$21, DW_AT_type(*$C$DW$24)
     366              
     367              $C$DW$T$22      .dwtag  DW_TAG_pointer_type
     368                      .dwattr $C$DW$T$22, DW_AT_type(*$C$DW$T$21)
     369                      .dwattr $C$DW$T$22, DW_AT_address_class(0x20)
     370              
     371              
     372              $C$DW$T$24      .dwtag  DW_TAG_structure_type
     373                      .dwattr $C$DW$T$24, DW_AT_name("CPUTIMER_VARS")
     374                      .dwattr $C$DW$T$24, DW_AT_byte_size(0x08)
     375              $C$DW$25        .dwtag  DW_TAG_member
     376                      .dwattr $C$DW$25, DW_AT_type(*$C$DW$T$22)
     377                      .dwattr $C$DW$25, DW_AT_name("RegsAddr")
     378                      .dwattr $C$DW$25, DW_AT_TI_symbol_name("_RegsAddr")
     379                      .dwattr $C$DW$25, DW_AT_data_member_location[DW_OP_plus_uconst 0x0]
     380                      .dwattr $C$DW$25, DW_AT_accessibility(DW_ACCESS_public)
     381              
     382              $C$DW$26        .dwtag  DW_TAG_member
     383                      .dwattr $C$DW$26, DW_AT_type(*$C$DW$T$23)
     384                      .dwattr $C$DW$26, DW_AT_name("InterruptCount")
     385                      .dwattr $C$DW$26, DW_AT_TI_symbol_name("_InterruptCount")
     386                      .dwattr $C$DW$26, DW_AT_data_member_location[DW_OP_plus_uconst 0x2]
     387                      .dwattr $C$DW$26, DW_AT_accessibility(DW_ACCESS_public)
     388              
     389              $C$DW$27        .dwtag  DW_TAG_member
     390                      .dwattr $C$DW$27, DW_AT_type(*$C$DW$T$16)
     391                      .dwattr $C$DW$27, DW_AT_name("CPUFreqInMHz")
     392                      .dwattr $C$DW$27, DW_AT_TI_symbol_name("_CPUFreqInMHz")
     393                      .dwattr $C$DW$27, DW_AT_data_member_location[DW_OP_plus_uconst 0x4]
     394                      .dwattr $C$DW$27, DW_AT_accessibility(DW_ACCESS_public)
     395              
     396              $C$DW$28        .dwtag  DW_TAG_member
     397                      .dwattr $C$DW$28, DW_AT_type(*$C$DW$T$16)
     398                      .dwattr $C$DW$28, DW_AT_name("PeriodInUSec")
     399                      .dwattr $C$DW$28, DW_AT_TI_symbol_name("_PeriodInUSec")
     400                      .dwattr $C$DW$28, DW_AT_data_member_location[DW_OP_plus_uconst 0x6]
     401                      .dwattr $C$DW$28, DW_AT_accessibility(DW_ACCESS_public)
     402              
     403                      .dwendtag $C$DW$T$24
     404              
     405              $C$DW$T$35      .dwtag  DW_TAG_pointer_type
     406                      .dwattr $C$DW$T$35, DW_AT_type(*$C$DW$T$24)
     407                      .dwattr $C$DW$T$35, DW_AT_address_class(0x20)
     408              
     409              
TMS320C2000 Assembler PC v15.12.1 Sat Jun 25 21:32:06 2016

Tools Copyright (c) 1996-2015 Texas Instruments Incorporated
C:\Users\RJKJ_ZGH\AppData\Local\Temp\1012810                         PAGE    9

     410              $C$DW$T$25      .dwtag  DW_TAG_union_type
     411                      .dwattr $C$DW$T$25, DW_AT_name("PRD_GROUP")
     412                      .dwattr $C$DW$T$25, DW_AT_byte_size(0x02)
     413              $C$DW$29        .dwtag  DW_TAG_member
     414                      .dwattr $C$DW$29, DW_AT_type(*$C$DW$T$23)
     415                      .dwattr $C$DW$29, DW_AT_name("all")
     416                      .dwattr $C$DW$29, DW_AT_TI_symbol_name("_all")
     417                      .dwattr $C$DW$29, DW_AT_data_member_location[DW_OP_plus_uconst 0x0]
     418                      .dwattr $C$DW$29, DW_AT_accessibility(DW_ACCESS_public)
     419              
     420              $C$DW$30        .dwtag  DW_TAG_member
     421                      .dwattr $C$DW$30, DW_AT_type(*$C$DW$T$26)
     422                      .dwattr $C$DW$30, DW_AT_name("half")
     423                      .dwattr $C$DW$30, DW_AT_TI_symbol_name("_half")
     424                      .dwattr $C$DW$30, DW_AT_data_member_location[DW_OP_plus_uconst 0x0]
     425                      .dwattr $C$DW$30, DW_AT_accessibility(DW_ACCESS_public)
     426              
     427                      .dwendtag $C$DW$T$25
     428              
     429              
     430              $C$DW$T$26      .dwtag  DW_TAG_structure_type
     431                      .dwattr $C$DW$T$26, DW_AT_name("PRD_REG")
     432                      .dwattr $C$DW$T$26, DW_AT_byte_size(0x02)
     433              $C$DW$31        .dwtag  DW_TAG_member
     434                      .dwattr $C$DW$31, DW_AT_type(*$C$DW$T$19)
     435                      .dwattr $C$DW$31, DW_AT_name("LSW")
     436                      .dwattr $C$DW$31, DW_AT_TI_symbol_name("_LSW")
     437                      .dwattr $C$DW$31, DW_AT_data_member_location[DW_OP_plus_uconst 0x0]
     438                      .dwattr $C$DW$31, DW_AT_accessibility(DW_ACCESS_public)
     439              
     440              $C$DW$32        .dwtag  DW_TAG_member
     441                      .dwattr $C$DW$32, DW_AT_type(*$C$DW$T$19)
     442                      .dwattr $C$DW$32, DW_AT_name("MSW")
     443                      .dwattr $C$DW$32, DW_AT_TI_symbol_name("_MSW")
     444                      .dwattr $C$DW$32, DW_AT_data_member_location[DW_OP_plus_uconst 0x1]
     445                      .dwattr $C$DW$32, DW_AT_accessibility(DW_ACCESS_public)
     446              
     447                      .dwendtag $C$DW$T$26
     448              
     449              
     450              $C$DW$T$27      .dwtag  DW_TAG_structure_type
     451                      .dwattr $C$DW$T$27, DW_AT_name("TCR_BITS")
     452                      .dwattr $C$DW$T$27, DW_AT_byte_size(0x01)
     453              $C$DW$33        .dwtag  DW_TAG_member
     454                      .dwattr $C$DW$33, DW_AT_type(*$C$DW$T$19)
     455                      .dwattr $C$DW$33, DW_AT_name("rsvd1")
     456                      .dwattr $C$DW$33, DW_AT_TI_symbol_name("_rsvd1")
     457                      .dwattr $C$DW$33, DW_AT_bit_offset(0x0c)
     458                      .dwattr $C$DW$33, DW_AT_bit_size(0x04)
     459                      .dwattr $C$DW$33, DW_AT_data_member_location[DW_OP_plus_uconst 0x0]
     460                      .dwattr $C$DW$33, DW_AT_accessibility(DW_ACCESS_public)
     461              
     462              $C$DW$34        .dwtag  DW_TAG_member
     463                      .dwattr $C$DW$34, DW_AT_type(*$C$DW$T$19)
     464                      .dwattr $C$DW$34, DW_AT_name("TSS")
TMS320C2000 Assembler PC v15.12.1 Sat Jun 25 21:32:06 2016

Tools Copyright (c) 1996-2015 Texas Instruments Incorporated
C:\Users\RJKJ_ZGH\AppData\Local\Temp\1012810                         PAGE   10

     465                      .dwattr $C$DW$34, DW_AT_TI_symbol_name("_TSS")
     466                      .dwattr $C$DW$34, DW_AT_bit_offset(0x0b)
     467                      .dwattr $C$DW$34, DW_AT_bit_size(0x01)
     468                      .dwattr $C$DW$34, DW_AT_data_member_location[DW_OP_plus_uconst 0x0]
     469                      .dwattr $C$DW$34, DW_AT_accessibility(DW_ACCESS_public)
     470              
     471              $C$DW$35        .dwtag  DW_TAG_member
     472                      .dwattr $C$DW$35, DW_AT_type(*$C$DW$T$19)
     473                      .dwattr $C$DW$35, DW_AT_name("TRB")
     474                      .dwattr $C$DW$35, DW_AT_TI_symbol_name("_TRB")
     475                      .dwattr $C$DW$35, DW_AT_bit_offset(0x0a)
     476                      .dwattr $C$DW$35, DW_AT_bit_size(0x01)
     477                      .dwattr $C$DW$35, DW_AT_data_member_location[DW_OP_plus_uconst 0x0]
     478                      .dwattr $C$DW$35, DW_AT_accessibility(DW_ACCESS_public)
     479              
     480              $C$DW$36        .dwtag  DW_TAG_member
     481                      .dwattr $C$DW$36, DW_AT_type(*$C$DW$T$19)
     482                      .dwattr $C$DW$36, DW_AT_name("rsvd2")
     483                      .dwattr $C$DW$36, DW_AT_TI_symbol_name("_rsvd2")
     484                      .dwattr $C$DW$36, DW_AT_bit_offset(0x06)
     485                      .dwattr $C$DW$36, DW_AT_bit_size(0x04)
     486                      .dwattr $C$DW$36, DW_AT_data_member_location[DW_OP_plus_uconst 0x0]
     487                      .dwattr $C$DW$36, DW_AT_accessibility(DW_ACCESS_public)
     488              
     489              $C$DW$37        .dwtag  DW_TAG_member
     490                      .dwattr $C$DW$37, DW_AT_type(*$C$DW$T$19)
     491                      .dwattr $C$DW$37, DW_AT_name("SOFT")
     492                      .dwattr $C$DW$37, DW_AT_TI_symbol_name("_SOFT")
     493                      .dwattr $C$DW$37, DW_AT_bit_offset(0x05)
     494                      .dwattr $C$DW$37, DW_AT_bit_size(0x01)
     495                      .dwattr $C$DW$37, DW_AT_data_member_location[DW_OP_plus_uconst 0x0]
     496                      .dwattr $C$DW$37, DW_AT_accessibility(DW_ACCESS_public)
     497              
     498              $C$DW$38        .dwtag  DW_TAG_member
     499                      .dwattr $C$DW$38, DW_AT_type(*$C$DW$T$19)
     500                      .dwattr $C$DW$38, DW_AT_name("FREE")
     501                      .dwattr $C$DW$38, DW_AT_TI_symbol_name("_FREE")
     502                      .dwattr $C$DW$38, DW_AT_bit_offset(0x04)
     503                      .dwattr $C$DW$38, DW_AT_bit_size(0x01)
     504                      .dwattr $C$DW$38, DW_AT_data_member_location[DW_OP_plus_uconst 0x0]
     505                      .dwattr $C$DW$38, DW_AT_accessibility(DW_ACCESS_public)
     506              
     507              $C$DW$39        .dwtag  DW_TAG_member
     508                      .dwattr $C$DW$39, DW_AT_type(*$C$DW$T$19)
     509                      .dwattr $C$DW$39, DW_AT_name("rsvd3")
     510                      .dwattr $C$DW$39, DW_AT_TI_symbol_name("_rsvd3")
     511                      .dwattr $C$DW$39, DW_AT_bit_offset(0x02)
     512                      .dwattr $C$DW$39, DW_AT_bit_size(0x02)
     513                      .dwattr $C$DW$39, DW_AT_data_member_location[DW_OP_plus_uconst 0x0]
     514                      .dwattr $C$DW$39, DW_AT_accessibility(DW_ACCESS_public)
     515              
     516              $C$DW$40        .dwtag  DW_TAG_member
     517                      .dwattr $C$DW$40, DW_AT_type(*$C$DW$T$19)
     518                      .dwattr $C$DW$40, DW_AT_name("TIE")
     519                      .dwattr $C$DW$40, DW_AT_TI_symbol_name("_TIE")
TMS320C2000 Assembler PC v15.12.1 Sat Jun 25 21:32:06 2016

Tools Copyright (c) 1996-2015 Texas Instruments Incorporated
C:\Users\RJKJ_ZGH\AppData\Local\Temp\1012810                         PAGE   11

     520                      .dwattr $C$DW$40, DW_AT_bit_offset(0x01)
     521                      .dwattr $C$DW$40, DW_AT_bit_size(0x01)
     522                      .dwattr $C$DW$40, DW_AT_data_member_location[DW_OP_plus_uconst 0x0]
     523                      .dwattr $C$DW$40, DW_AT_accessibility(DW_ACCESS_public)
     524              
     525              $C$DW$41        .dwtag  DW_TAG_member
     526                      .dwattr $C$DW$41, DW_AT_type(*$C$DW$T$19)
     527                      .dwattr $C$DW$41, DW_AT_name("TIF")
     528                      .dwattr $C$DW$41, DW_AT_TI_symbol_name("_TIF")
     529                      .dwattr $C$DW$41, DW_AT_bit_offset(0x00)
     530                      .dwattr $C$DW$41, DW_AT_bit_size(0x01)
     531                      .dwattr $C$DW$41, DW_AT_data_member_location[DW_OP_plus_uconst 0x0]
     532                      .dwattr $C$DW$41, DW_AT_accessibility(DW_ACCESS_public)
     533              
     534                      .dwendtag $C$DW$T$27
     535              
     536              
     537              $C$DW$T$28      .dwtag  DW_TAG_union_type
     538                      .dwattr $C$DW$T$28, DW_AT_name("TCR_REG")
     539                      .dwattr $C$DW$T$28, DW_AT_byte_size(0x01)
     540              $C$DW$42        .dwtag  DW_TAG_member
     541                      .dwattr $C$DW$42, DW_AT_type(*$C$DW$T$19)
     542                      .dwattr $C$DW$42, DW_AT_name("all")
     543                      .dwattr $C$DW$42, DW_AT_TI_symbol_name("_all")
     544                      .dwattr $C$DW$42, DW_AT_data_member_location[DW_OP_plus_uconst 0x0]
     545                      .dwattr $C$DW$42, DW_AT_accessibility(DW_ACCESS_public)
     546              
     547              $C$DW$43        .dwtag  DW_TAG_member
     548                      .dwattr $C$DW$43, DW_AT_type(*$C$DW$T$27)
     549                      .dwattr $C$DW$43, DW_AT_name("bit")
     550                      .dwattr $C$DW$43, DW_AT_TI_symbol_name("_bit")
     551                      .dwattr $C$DW$43, DW_AT_data_member_location[DW_OP_plus_uconst 0x0]
     552                      .dwattr $C$DW$43, DW_AT_accessibility(DW_ACCESS_public)
     553              
     554                      .dwendtag $C$DW$T$28
     555              
     556              
     557              $C$DW$T$29      .dwtag  DW_TAG_union_type
     558                      .dwattr $C$DW$T$29, DW_AT_name("TIM_GROUP")
     559                      .dwattr $C$DW$T$29, DW_AT_byte_size(0x02)
     560              $C$DW$44        .dwtag  DW_TAG_member
     561                      .dwattr $C$DW$44, DW_AT_type(*$C$DW$T$23)
     562                      .dwattr $C$DW$44, DW_AT_name("all")
     563                      .dwattr $C$DW$44, DW_AT_TI_symbol_name("_all")
     564                      .dwattr $C$DW$44, DW_AT_data_member_location[DW_OP_plus_uconst 0x0]
     565                      .dwattr $C$DW$44, DW_AT_accessibility(DW_ACCESS_public)
     566              
     567              $C$DW$45        .dwtag  DW_TAG_member
     568                      .dwattr $C$DW$45, DW_AT_type(*$C$DW$T$30)
     569                      .dwattr $C$DW$45, DW_AT_name("half")
     570                      .dwattr $C$DW$45, DW_AT_TI_symbol_name("_half")
     571                      .dwattr $C$DW$45, DW_AT_data_member_location[DW_OP_plus_uconst 0x0]
     572                      .dwattr $C$DW$45, DW_AT_accessibility(DW_ACCESS_public)
     573              
     574                      .dwendtag $C$DW$T$29
TMS320C2000 Assembler PC v15.12.1 Sat Jun 25 21:32:06 2016

Tools Copyright (c) 1996-2015 Texas Instruments Incorporated
C:\Users\RJKJ_ZGH\AppData\Local\Temp\1012810                         PAGE   12

     575              
     576              
     577              $C$DW$T$30      .dwtag  DW_TAG_structure_type
     578                      .dwattr $C$DW$T$30, DW_AT_name("TIM_REG")
     579                      .dwattr $C$DW$T$30, DW_AT_byte_size(0x02)
     580              $C$DW$46        .dwtag  DW_TAG_member
     581                      .dwattr $C$DW$46, DW_AT_type(*$C$DW$T$19)
     582                      .dwattr $C$DW$46, DW_AT_name("LSW")
     583                      .dwattr $C$DW$46, DW_AT_TI_symbol_name("_LSW")
     584                      .dwattr $C$DW$46, DW_AT_data_member_location[DW_OP_plus_uconst 0x0]
     585                      .dwattr $C$DW$46, DW_AT_accessibility(DW_ACCESS_public)
     586              
     587              $C$DW$47        .dwtag  DW_TAG_member
     588                      .dwattr $C$DW$47, DW_AT_type(*$C$DW$T$19)
     589                      .dwattr $C$DW$47, DW_AT_name("MSW")
     590                      .dwattr $C$DW$47, DW_AT_TI_symbol_name("_MSW")
     591                      .dwattr $C$DW$47, DW_AT_data_member_location[DW_OP_plus_uconst 0x1]
     592                      .dwattr $C$DW$47, DW_AT_accessibility(DW_ACCESS_public)
     593              
     594                      .dwendtag $C$DW$T$30
     595              
     596              
     597              $C$DW$T$31      .dwtag  DW_TAG_structure_type
     598                      .dwattr $C$DW$T$31, DW_AT_name("TPRH_BITS")
     599                      .dwattr $C$DW$T$31, DW_AT_byte_size(0x01)
     600              $C$DW$48        .dwtag  DW_TAG_member
     601                      .dwattr $C$DW$48, DW_AT_type(*$C$DW$T$19)
     602                      .dwattr $C$DW$48, DW_AT_name("TDDRH")
     603                      .dwattr $C$DW$48, DW_AT_TI_symbol_name("_TDDRH")
     604                      .dwattr $C$DW$48, DW_AT_bit_offset(0x08)
     605                      .dwattr $C$DW$48, DW_AT_bit_size(0x08)
     606                      .dwattr $C$DW$48, DW_AT_data_member_location[DW_OP_plus_uconst 0x0]
     607                      .dwattr $C$DW$48, DW_AT_accessibility(DW_ACCESS_public)
     608              
     609              $C$DW$49        .dwtag  DW_TAG_member
     610                      .dwattr $C$DW$49, DW_AT_type(*$C$DW$T$19)
     611                      .dwattr $C$DW$49, DW_AT_name("PSCH")
     612                      .dwattr $C$DW$49, DW_AT_TI_symbol_name("_PSCH")
     613                      .dwattr $C$DW$49, DW_AT_bit_offset(0x00)
     614                      .dwattr $C$DW$49, DW_AT_bit_size(0x08)
     615                      .dwattr $C$DW$49, DW_AT_data_member_location[DW_OP_plus_uconst 0x0]
     616                      .dwattr $C$DW$49, DW_AT_accessibility(DW_ACCESS_public)
     617              
     618                      .dwendtag $C$DW$T$31
     619              
     620              
     621              $C$DW$T$32      .dwtag  DW_TAG_union_type
     622                      .dwattr $C$DW$T$32, DW_AT_name("TPRH_REG")
     623                      .dwattr $C$DW$T$32, DW_AT_byte_size(0x01)
     624              $C$DW$50        .dwtag  DW_TAG_member
     625                      .dwattr $C$DW$50, DW_AT_type(*$C$DW$T$19)
     626                      .dwattr $C$DW$50, DW_AT_name("all")
     627                      .dwattr $C$DW$50, DW_AT_TI_symbol_name("_all")
     628                      .dwattr $C$DW$50, DW_AT_data_member_location[DW_OP_plus_uconst 0x0]
     629                      .dwattr $C$DW$50, DW_AT_accessibility(DW_ACCESS_public)
TMS320C2000 Assembler PC v15.12.1 Sat Jun 25 21:32:06 2016

Tools Copyright (c) 1996-2015 Texas Instruments Incorporated
C:\Users\RJKJ_ZGH\AppData\Local\Temp\1012810                         PAGE   13

     630              
     631              $C$DW$51        .dwtag  DW_TAG_member
     632                      .dwattr $C$DW$51, DW_AT_type(*$C$DW$T$31)
     633                      .dwattr $C$DW$51, DW_AT_name("bit")
     634                      .dwattr $C$DW$51, DW_AT_TI_symbol_name("_bit")
     635                      .dwattr $C$DW$51, DW_AT_data_member_location[DW_OP_plus_uconst 0x0]
     636                      .dwattr $C$DW$51, DW_AT_accessibility(DW_ACCESS_public)
     637              
     638                      .dwendtag $C$DW$T$32
     639              
     640              
     641              $C$DW$T$33      .dwtag  DW_TAG_structure_type
     642                      .dwattr $C$DW$T$33, DW_AT_name("TPR_BITS")
     643                      .dwattr $C$DW$T$33, DW_AT_byte_size(0x01)
     644              $C$DW$52        .dwtag  DW_TAG_member
     645                      .dwattr $C$DW$52, DW_AT_type(*$C$DW$T$19)
     646                      .dwattr $C$DW$52, DW_AT_name("TDDR")
     647                      .dwattr $C$DW$52, DW_AT_TI_symbol_name("_TDDR")
     648                      .dwattr $C$DW$52, DW_AT_bit_offset(0x08)
     649                      .dwattr $C$DW$52, DW_AT_bit_size(0x08)
     650                      .dwattr $C$DW$52, DW_AT_data_member_location[DW_OP_plus_uconst 0x0]
     651                      .dwattr $C$DW$52, DW_AT_accessibility(DW_ACCESS_public)
     652              
     653              $C$DW$53        .dwtag  DW_TAG_member
     654                      .dwattr $C$DW$53, DW_AT_type(*$C$DW$T$19)
     655                      .dwattr $C$DW$53, DW_AT_name("PSC")
     656                      .dwattr $C$DW$53, DW_AT_TI_symbol_name("_PSC")
     657                      .dwattr $C$DW$53, DW_AT_bit_offset(0x00)
     658                      .dwattr $C$DW$53, DW_AT_bit_size(0x08)
     659                      .dwattr $C$DW$53, DW_AT_data_member_location[DW_OP_plus_uconst 0x0]
     660                      .dwattr $C$DW$53, DW_AT_accessibility(DW_ACCESS_public)
     661              
     662                      .dwendtag $C$DW$T$33
     663              
     664              
     665              $C$DW$T$34      .dwtag  DW_TAG_union_type
     666                      .dwattr $C$DW$T$34, DW_AT_name("TPR_REG")
     667                      .dwattr $C$DW$T$34, DW_AT_byte_size(0x01)
     668              $C$DW$54        .dwtag  DW_TAG_member
     669                      .dwattr $C$DW$54, DW_AT_type(*$C$DW$T$19)
     670                      .dwattr $C$DW$54, DW_AT_name("all")
     671                      .dwattr $C$DW$54, DW_AT_TI_symbol_name("_all")
     672                      .dwattr $C$DW$54, DW_AT_data_member_location[DW_OP_plus_uconst 0x0]
     673                      .dwattr $C$DW$54, DW_AT_accessibility(DW_ACCESS_public)
     674              
     675              $C$DW$55        .dwtag  DW_TAG_member
     676                      .dwattr $C$DW$55, DW_AT_type(*$C$DW$T$33)
     677                      .dwattr $C$DW$55, DW_AT_name("bit")
     678                      .dwattr $C$DW$55, DW_AT_TI_symbol_name("_bit")
     679                      .dwattr $C$DW$55, DW_AT_data_member_location[DW_OP_plus_uconst 0x0]
     680                      .dwattr $C$DW$55, DW_AT_accessibility(DW_ACCESS_public)
     681              
     682                      .dwendtag $C$DW$T$34
     683              
     684              $C$DW$T$2       .dwtag  DW_TAG_unspecified_type
TMS320C2000 Assembler PC v15.12.1 Sat Jun 25 21:32:06 2016

Tools Copyright (c) 1996-2015 Texas Instruments Incorporated
C:\Users\RJKJ_ZGH\AppData\Local\Temp\1012810                         PAGE   14

     685                      .dwattr $C$DW$T$2, DW_AT_name("void")
     686              
     687              $C$DW$T$4       .dwtag  DW_TAG_base_type
     688                      .dwattr $C$DW$T$4, DW_AT_encoding(DW_ATE_boolean)
     689                      .dwattr $C$DW$T$4, DW_AT_name("bool")
     690                      .dwattr $C$DW$T$4, DW_AT_byte_size(0x01)
     691              
     692              $C$DW$T$5       .dwtag  DW_TAG_base_type
     693                      .dwattr $C$DW$T$5, DW_AT_encoding(DW_ATE_signed_char)
     694                      .dwattr $C$DW$T$5, DW_AT_name("signed char")
     695                      .dwattr $C$DW$T$5, DW_AT_byte_size(0x01)
     696              
     697              $C$DW$T$6       .dwtag  DW_TAG_base_type
     698                      .dwattr $C$DW$T$6, DW_AT_encoding(DW_ATE_unsigned_char)
     699                      .dwattr $C$DW$T$6, DW_AT_name("unsigned char")
     700                      .dwattr $C$DW$T$6, DW_AT_byte_size(0x01)
     701              
     702              $C$DW$T$7       .dwtag  DW_TAG_base_type
     703                      .dwattr $C$DW$T$7, DW_AT_encoding(DW_ATE_signed_char)
     704                      .dwattr $C$DW$T$7, DW_AT_name("wchar_t")
     705                      .dwattr $C$DW$T$7, DW_AT_byte_size(0x01)
     706              
     707              $C$DW$T$8       .dwtag  DW_TAG_base_type
     708                      .dwattr $C$DW$T$8, DW_AT_encoding(DW_ATE_signed)
     709                      .dwattr $C$DW$T$8, DW_AT_name("short")
     710                      .dwattr $C$DW$T$8, DW_AT_byte_size(0x01)
     711              
     712              $C$DW$T$9       .dwtag  DW_TAG_base_type
     713                      .dwattr $C$DW$T$9, DW_AT_encoding(DW_ATE_unsigned)
     714                      .dwattr $C$DW$T$9, DW_AT_name("unsigned short")
     715                      .dwattr $C$DW$T$9, DW_AT_byte_size(0x01)
     716              
     717              $C$DW$T$10      .dwtag  DW_TAG_base_type
     718                      .dwattr $C$DW$T$10, DW_AT_encoding(DW_ATE_signed)
     719                      .dwattr $C$DW$T$10, DW_AT_name("int")
     720                      .dwattr $C$DW$T$10, DW_AT_byte_size(0x01)
     721              
     722              $C$DW$T$11      .dwtag  DW_TAG_base_type
     723                      .dwattr $C$DW$T$11, DW_AT_encoding(DW_ATE_unsigned)
     724                      .dwattr $C$DW$T$11, DW_AT_name("unsigned int")
     725                      .dwattr $C$DW$T$11, DW_AT_byte_size(0x01)
     726              
     727              $C$DW$T$19      .dwtag  DW_TAG_typedef
     728                      .dwattr $C$DW$T$19, DW_AT_name("Uint16")
     729                      .dwattr $C$DW$T$19, DW_AT_type(*$C$DW$T$11)
     730                      .dwattr $C$DW$T$19, DW_AT_language(DW_LANG_C)
     731              
     732              $C$DW$T$12      .dwtag  DW_TAG_base_type
     733                      .dwattr $C$DW$T$12, DW_AT_encoding(DW_ATE_signed)
     734                      .dwattr $C$DW$T$12, DW_AT_name("long")
     735                      .dwattr $C$DW$T$12, DW_AT_byte_size(0x02)
     736              
     737              $C$DW$T$13      .dwtag  DW_TAG_base_type
     738                      .dwattr $C$DW$T$13, DW_AT_encoding(DW_ATE_unsigned)
     739                      .dwattr $C$DW$T$13, DW_AT_name("unsigned long")
TMS320C2000 Assembler PC v15.12.1 Sat Jun 25 21:32:06 2016

Tools Copyright (c) 1996-2015 Texas Instruments Incorporated
C:\Users\RJKJ_ZGH\AppData\Local\Temp\1012810                         PAGE   15

     740                      .dwattr $C$DW$T$13, DW_AT_byte_size(0x02)
     741              
     742              $C$DW$T$23      .dwtag  DW_TAG_typedef
     743                      .dwattr $C$DW$T$23, DW_AT_name("Uint32")
     744                      .dwattr $C$DW$T$23, DW_AT_type(*$C$DW$T$13)
     745                      .dwattr $C$DW$T$23, DW_AT_language(DW_LANG_C)
     746              
     747              $C$DW$T$14      .dwtag  DW_TAG_base_type
     748                      .dwattr $C$DW$T$14, DW_AT_encoding(DW_ATE_signed)
     749                      .dwattr $C$DW$T$14, DW_AT_name("long long")
     750                      .dwattr $C$DW$T$14, DW_AT_byte_size(0x04)
     751              
     752              $C$DW$T$15      .dwtag  DW_TAG_base_type
     753                      .dwattr $C$DW$T$15, DW_AT_encoding(DW_ATE_unsigned)
     754                      .dwattr $C$DW$T$15, DW_AT_name("unsigned long long")
     755                      .dwattr $C$DW$T$15, DW_AT_byte_size(0x04)
     756              
     757              $C$DW$T$16      .dwtag  DW_TAG_base_type
     758                      .dwattr $C$DW$T$16, DW_AT_encoding(DW_ATE_float)
     759                      .dwattr $C$DW$T$16, DW_AT_name("float")
     760                      .dwattr $C$DW$T$16, DW_AT_byte_size(0x02)
     761              
     762              $C$DW$T$17      .dwtag  DW_TAG_base_type
     763                      .dwattr $C$DW$T$17, DW_AT_encoding(DW_ATE_float)
     764                      .dwattr $C$DW$T$17, DW_AT_name("double")
     765                      .dwattr $C$DW$T$17, DW_AT_byte_size(0x02)
     766              
     767              $C$DW$T$18      .dwtag  DW_TAG_base_type
     768                      .dwattr $C$DW$T$18, DW_AT_encoding(DW_ATE_float)
     769                      .dwattr $C$DW$T$18, DW_AT_name("long double")
     770                      .dwattr $C$DW$T$18, DW_AT_byte_size(0x04)
     771              
     772                      .dwattr $C$DW$CU, DW_AT_language(DW_LANG_C)
     773              
     774              ;***************************************************************
     775              ;* DWARF CIE ENTRIES                                           *
     776              ;***************************************************************
     777              
     778              $C$DW$CIE       .dwcie 26
     779                      .dwcfi  cfa_register, 20
     780                      .dwcfi  cfa_offset, 0
     781                      .dwcfi  undefined, 0
     782                      .dwcfi  undefined, 1
     783                      .dwcfi  undefined, 2
     784                      .dwcfi  undefined, 3
     785                      .dwcfi  undefined, 20
     786                      .dwcfi  undefined, 21
     787                      .dwcfi  undefined, 22
     788                      .dwcfi  undefined, 23
     789                      .dwcfi  undefined, 24
     790                      .dwcfi  undefined, 25
     791                      .dwcfi  undefined, 26
     792                      .dwcfi  same_value, 28
     793                      .dwcfi  undefined, 29
     794                      .dwcfi  undefined, 30
TMS320C2000 Assembler PC v15.12.1 Sat Jun 25 21:32:06 2016

Tools Copyright (c) 1996-2015 Texas Instruments Incorporated
C:\Users\RJKJ_ZGH\AppData\Local\Temp\1012810                         PAGE   16

     795                      .dwcfi  undefined, 31
     796                      .dwcfi  undefined, 32
     797                      .dwcfi  undefined, 33
     798                      .dwcfi  undefined, 34
     799                      .dwcfi  undefined, 35
     800                      .dwcfi  undefined, 36
     801                      .dwcfi  undefined, 37
     802                      .dwcfi  undefined, 38
     803                      .dwcfi  undefined, 75
     804                      .dwcfi  undefined, 76
     805                      .dwcfi  undefined, 77
     806                      .dwcfi  undefined, 4
     807                      .dwcfi  undefined, 5
     808                      .dwcfi  same_value, 6
     809                      .dwcfi  same_value, 7
     810                      .dwcfi  same_value, 8
     811                      .dwcfi  same_value, 9
     812                      .dwcfi  same_value, 10
     813                      .dwcfi  same_value, 11
     814                      .dwcfi  undefined, 12
     815                      .dwcfi  undefined, 13
     816                      .dwcfi  undefined, 14
     817                      .dwcfi  undefined, 15
     818                      .dwcfi  undefined, 16
     819                      .dwcfi  undefined, 17
     820                      .dwcfi  undefined, 18
     821                      .dwcfi  undefined, 19
     822                      .dwcfi  undefined, 43
     823                      .dwcfi  undefined, 44
     824                      .dwcfi  undefined, 47
     825                      .dwcfi  undefined, 48
     826                      .dwcfi  undefined, 51
     827                      .dwcfi  undefined, 52
     828                      .dwcfi  undefined, 55
     829                      .dwcfi  undefined, 56
     830                      .dwcfi  same_value, 59
     831                      .dwcfi  same_value, 60
     832                      .dwcfi  same_value, 63
     833                      .dwcfi  same_value, 64
     834                      .dwcfi  same_value, 67
     835                      .dwcfi  same_value, 68
     836                      .dwcfi  same_value, 71
     837                      .dwcfi  same_value, 72
     838                      .dwcfi  undefined, 73
     839                      .dwcfi  undefined, 74
     840                      .dwcfi  undefined, 39
     841                      .dwcfi  undefined, 40
     842                      .dwcfi  undefined, 27
     843                      .dwendentry
     844              
     845              ;***************************************************************
     846              ;* DWARF REGISTER MAP                                          *
     847              ;***************************************************************
     848              
     849              $C$DW$56        .dwtag  DW_TAG_TI_assign_register
TMS320C2000 Assembler PC v15.12.1 Sat Jun 25 21:32:06 2016

Tools Copyright (c) 1996-2015 Texas Instruments Incorporated
C:\Users\RJKJ_ZGH\AppData\Local\Temp\1012810                         PAGE   17

     850                      .dwattr $C$DW$56, DW_AT_name("AL")
     851                      .dwattr $C$DW$56, DW_AT_location[DW_OP_reg0]
     852              
     853              $C$DW$57        .dwtag  DW_TAG_TI_assign_register
     854                      .dwattr $C$DW$57, DW_AT_name("AH")
     855                      .dwattr $C$DW$57, DW_AT_location[DW_OP_reg1]
     856              
     857              $C$DW$58        .dwtag  DW_TAG_TI_assign_register
     858                      .dwattr $C$DW$58, DW_AT_name("PL")
     859                      .dwattr $C$DW$58, DW_AT_location[DW_OP_reg2]
     860              
     861              $C$DW$59        .dwtag  DW_TAG_TI_assign_register
     862                      .dwattr $C$DW$59, DW_AT_name("PH")
     863                      .dwattr $C$DW$59, DW_AT_location[DW_OP_reg3]
     864              
     865              $C$DW$60        .dwtag  DW_TAG_TI_assign_register
     866                      .dwattr $C$DW$60, DW_AT_name("SP")
     867                      .dwattr $C$DW$60, DW_AT_location[DW_OP_reg20]
     868              
     869              $C$DW$61        .dwtag  DW_TAG_TI_assign_register
     870                      .dwattr $C$DW$61, DW_AT_name("XT")
     871                      .dwattr $C$DW$61, DW_AT_location[DW_OP_reg21]
     872              
     873              $C$DW$62        .dwtag  DW_TAG_TI_assign_register
     874                      .dwattr $C$DW$62, DW_AT_name("T")
     875                      .dwattr $C$DW$62, DW_AT_location[DW_OP_reg22]
     876              
     877              $C$DW$63        .dwtag  DW_TAG_TI_assign_register
     878                      .dwattr $C$DW$63, DW_AT_name("ST0")
     879                      .dwattr $C$DW$63, DW_AT_location[DW_OP_reg23]
     880              
     881              $C$DW$64        .dwtag  DW_TAG_TI_assign_register
     882                      .dwattr $C$DW$64, DW_AT_name("ST1")
     883                      .dwattr $C$DW$64, DW_AT_location[DW_OP_reg24]
     884              
     885              $C$DW$65        .dwtag  DW_TAG_TI_assign_register
     886                      .dwattr $C$DW$65, DW_AT_name("PC")
     887                      .dwattr $C$DW$65, DW_AT_location[DW_OP_reg25]
     888              
     889              $C$DW$66        .dwtag  DW_TAG_TI_assign_register
     890                      .dwattr $C$DW$66, DW_AT_name("RPC")
     891                      .dwattr $C$DW$66, DW_AT_location[DW_OP_reg26]
     892              
     893              $C$DW$67        .dwtag  DW_TAG_TI_assign_register
     894                      .dwattr $C$DW$67, DW_AT_name("FP")
     895                      .dwattr $C$DW$67, DW_AT_location[DW_OP_reg28]
     896              
     897              $C$DW$68        .dwtag  DW_TAG_TI_assign_register
     898                      .dwattr $C$DW$68, DW_AT_name("DP")
     899                      .dwattr $C$DW$68, DW_AT_location[DW_OP_reg29]
     900              
     901              $C$DW$69        .dwtag  DW_TAG_TI_assign_register
     902                      .dwattr $C$DW$69, DW_AT_name("SXM")
     903                      .dwattr $C$DW$69, DW_AT_location[DW_OP_reg30]
     904              
TMS320C2000 Assembler PC v15.12.1 Sat Jun 25 21:32:06 2016

Tools Copyright (c) 1996-2015 Texas Instruments Incorporated
C:\Users\RJKJ_ZGH\AppData\Local\Temp\1012810                         PAGE   18

     905              $C$DW$70        .dwtag  DW_TAG_TI_assign_register
     906                      .dwattr $C$DW$70, DW_AT_name("PM")
     907                      .dwattr $C$DW$70, DW_AT_location[DW_OP_reg31]
     908              
     909              $C$DW$71        .dwtag  DW_TAG_TI_assign_register
     910                      .dwattr $C$DW$71, DW_AT_name("OVM")
     911                      .dwattr $C$DW$71, DW_AT_location[DW_OP_regx 0x20]
     912              
     913              $C$DW$72        .dwtag  DW_TAG_TI_assign_register
     914                      .dwattr $C$DW$72, DW_AT_name("PAGE0")
     915                      .dwattr $C$DW$72, DW_AT_location[DW_OP_regx 0x21]
     916              
     917              $C$DW$73        .dwtag  DW_TAG_TI_assign_register
     918                      .dwattr $C$DW$73, DW_AT_name("AMODE")
     919                      .dwattr $C$DW$73, DW_AT_location[DW_OP_regx 0x22]
     920              
     921              $C$DW$74        .dwtag  DW_TAG_TI_assign_register
     922                      .dwattr $C$DW$74, DW_AT_name("INTM")
     923                      .dwattr $C$DW$74, DW_AT_location[DW_OP_regx 0x23]
     924              
     925              $C$DW$75        .dwtag  DW_TAG_TI_assign_register
     926                      .dwattr $C$DW$75, DW_AT_name("IFR")
     927                      .dwattr $C$DW$75, DW_AT_location[DW_OP_regx 0x24]
     928              
     929              $C$DW$76        .dwtag  DW_TAG_TI_assign_register
     930                      .dwattr $C$DW$76, DW_AT_name("IER")
     931                      .dwattr $C$DW$76, DW_AT_location[DW_OP_regx 0x25]
     932              
     933              $C$DW$77        .dwtag  DW_TAG_TI_assign_register
     934                      .dwattr $C$DW$77, DW_AT_name("V")
     935                      .dwattr $C$DW$77, DW_AT_location[DW_OP_regx 0x26]
     936              
     937              $C$DW$78        .dwtag  DW_TAG_TI_assign_register
     938                      .dwattr $C$DW$78, DW_AT_name("PSEUDOH")
     939                      .dwattr $C$DW$78, DW_AT_location[DW_OP_regx 0x4c]
     940              
     941              $C$DW$79        .dwtag  DW_TAG_TI_assign_register
     942                      .dwattr $C$DW$79, DW_AT_name("VOL")
     943                      .dwattr $C$DW$79, DW_AT_location[DW_OP_regx 0x4d]
     944              
     945              $C$DW$80        .dwtag  DW_TAG_TI_assign_register
     946                      .dwattr $C$DW$80, DW_AT_name("AR0")
     947                      .dwattr $C$DW$80, DW_AT_location[DW_OP_reg4]
     948              
     949              $C$DW$81        .dwtag  DW_TAG_TI_assign_register
     950                      .dwattr $C$DW$81, DW_AT_name("XAR0")
     951                      .dwattr $C$DW$81, DW_AT_location[DW_OP_reg5]
     952              
     953              $C$DW$82        .dwtag  DW_TAG_TI_assign_register
     954                      .dwattr $C$DW$82, DW_AT_name("AR1")
     955                      .dwattr $C$DW$82, DW_AT_location[DW_OP_reg6]
     956              
     957              $C$DW$83        .dwtag  DW_TAG_TI_assign_register
     958                      .dwattr $C$DW$83, DW_AT_name("XAR1")
     959                      .dwattr $C$DW$83, DW_AT_location[DW_OP_reg7]
TMS320C2000 Assembler PC v15.12.1 Sat Jun 25 21:32:06 2016

Tools Copyright (c) 1996-2015 Texas Instruments Incorporated
C:\Users\RJKJ_ZGH\AppData\Local\Temp\1012810                         PAGE   19

     960              
     961              $C$DW$84        .dwtag  DW_TAG_TI_assign_register
     962                      .dwattr $C$DW$84, DW_AT_name("AR2")
     963                      .dwattr $C$DW$84, DW_AT_location[DW_OP_reg8]
     964              
     965              $C$DW$85        .dwtag  DW_TAG_TI_assign_register
     966                      .dwattr $C$DW$85, DW_AT_name("XAR2")
     967                      .dwattr $C$DW$85, DW_AT_location[DW_OP_reg9]
     968              
     969              $C$DW$86        .dwtag  DW_TAG_TI_assign_register
     970                      .dwattr $C$DW$86, DW_AT_name("AR3")
     971                      .dwattr $C$DW$86, DW_AT_location[DW_OP_reg10]
     972              
     973              $C$DW$87        .dwtag  DW_TAG_TI_assign_register
     974                      .dwattr $C$DW$87, DW_AT_name("XAR3")
     975                      .dwattr $C$DW$87, DW_AT_location[DW_OP_reg11]
     976              
     977              $C$DW$88        .dwtag  DW_TAG_TI_assign_register
     978                      .dwattr $C$DW$88, DW_AT_name("AR4")
     979                      .dwattr $C$DW$88, DW_AT_location[DW_OP_reg12]
     980              
     981              $C$DW$89        .dwtag  DW_TAG_TI_assign_register
     982                      .dwattr $C$DW$89, DW_AT_name("XAR4")
     983                      .dwattr $C$DW$89, DW_AT_location[DW_OP_reg13]
     984              
     985              $C$DW$90        .dwtag  DW_TAG_TI_assign_register
     986                      .dwattr $C$DW$90, DW_AT_name("AR5")
     987                      .dwattr $C$DW$90, DW_AT_location[DW_OP_reg14]
     988              
     989              $C$DW$91        .dwtag  DW_TAG_TI_assign_register
     990                      .dwattr $C$DW$91, DW_AT_name("XAR5")
     991                      .dwattr $C$DW$91, DW_AT_location[DW_OP_reg15]
     992              
     993              $C$DW$92        .dwtag  DW_TAG_TI_assign_register
     994                      .dwattr $C$DW$92, DW_AT_name("AR6")
     995                      .dwattr $C$DW$92, DW_AT_location[DW_OP_reg16]
     996              
     997              $C$DW$93        .dwtag  DW_TAG_TI_assign_register
     998                      .dwattr $C$DW$93, DW_AT_name("XAR6")
     999                      .dwattr $C$DW$93, DW_AT_location[DW_OP_reg17]
    1000              
    1001              $C$DW$94        .dwtag  DW_TAG_TI_assign_register
    1002                      .dwattr $C$DW$94, DW_AT_name("AR7")
    1003                      .dwattr $C$DW$94, DW_AT_location[DW_OP_reg18]
    1004              
    1005              $C$DW$95        .dwtag  DW_TAG_TI_assign_register
    1006                      .dwattr $C$DW$95, DW_AT_name("XAR7")
    1007                      .dwattr $C$DW$95, DW_AT_location[DW_OP_reg19]
    1008              
    1009              $C$DW$96        .dwtag  DW_TAG_TI_assign_register
    1010                      .dwattr $C$DW$96, DW_AT_name("R0HL")
    1011                      .dwattr $C$DW$96, DW_AT_location[DW_OP_regx 0x2b]
    1012              
    1013              $C$DW$97        .dwtag  DW_TAG_TI_assign_register
    1014                      .dwattr $C$DW$97, DW_AT_name("R0H")
TMS320C2000 Assembler PC v15.12.1 Sat Jun 25 21:32:06 2016

Tools Copyright (c) 1996-2015 Texas Instruments Incorporated
C:\Users\RJKJ_ZGH\AppData\Local\Temp\1012810                         PAGE   20

    1015                      .dwattr $C$DW$97, DW_AT_location[DW_OP_regx 0x2c]
    1016              
    1017              $C$DW$98        .dwtag  DW_TAG_TI_assign_register
    1018                      .dwattr $C$DW$98, DW_AT_name("R1HL")
    1019                      .dwattr $C$DW$98, DW_AT_location[DW_OP_regx 0x2f]
    1020              
    1021              $C$DW$99        .dwtag  DW_TAG_TI_assign_register
    1022                      .dwattr $C$DW$99, DW_AT_name("R1H")
    1023                      .dwattr $C$DW$99, DW_AT_location[DW_OP_regx 0x30]
    1024              
    1025              $C$DW$100       .dwtag  DW_TAG_TI_assign_register
    1026                      .dwattr $C$DW$100, DW_AT_name("R2HL")
    1027                      .dwattr $C$DW$100, DW_AT_location[DW_OP_regx 0x33]
    1028              
    1029              $C$DW$101       .dwtag  DW_TAG_TI_assign_register
    1030                      .dwattr $C$DW$101, DW_AT_name("R2H")
    1031                      .dwattr $C$DW$101, DW_AT_location[DW_OP_regx 0x34]
    1032              
    1033              $C$DW$102       .dwtag  DW_TAG_TI_assign_register
    1034                      .dwattr $C$DW$102, DW_AT_name("R3HL")
    1035                      .dwattr $C$DW$102, DW_AT_location[DW_OP_regx 0x37]
    1036              
    1037              $C$DW$103       .dwtag  DW_TAG_TI_assign_register
    1038                      .dwattr $C$DW$103, DW_AT_name("R3H")
    1039                      .dwattr $C$DW$103, DW_AT_location[DW_OP_regx 0x38]
    1040              
    1041              $C$DW$104       .dwtag  DW_TAG_TI_assign_register
    1042                      .dwattr $C$DW$104, DW_AT_name("R4HL")
    1043                      .dwattr $C$DW$104, DW_AT_location[DW_OP_regx 0x3b]
    1044              
    1045              $C$DW$105       .dwtag  DW_TAG_TI_assign_register
    1046                      .dwattr $C$DW$105, DW_AT_name("R4H")
    1047                      .dwattr $C$DW$105, DW_AT_location[DW_OP_regx 0x3c]
    1048              
    1049              $C$DW$106       .dwtag  DW_TAG_TI_assign_register
    1050                      .dwattr $C$DW$106, DW_AT_name("R5HL")
    1051                      .dwattr $C$DW$106, DW_AT_location[DW_OP_regx 0x3f]
    1052              
    1053              $C$DW$107       .dwtag  DW_TAG_TI_assign_register
    1054                      .dwattr $C$DW$107, DW_AT_name("R5H")
    1055                      .dwattr $C$DW$107, DW_AT_location[DW_OP_regx 0x40]
    1056              
    1057              $C$DW$108       .dwtag  DW_TAG_TI_assign_register
    1058                      .dwattr $C$DW$108, DW_AT_name("R6HL")
    1059                      .dwattr $C$DW$108, DW_AT_location[DW_OP_regx 0x43]
    1060              
    1061              $C$DW$109       .dwtag  DW_TAG_TI_assign_register
    1062                      .dwattr $C$DW$109, DW_AT_name("R6H")
    1063                      .dwattr $C$DW$109, DW_AT_location[DW_OP_regx 0x44]
    1064              
    1065              $C$DW$110       .dwtag  DW_TAG_TI_assign_register
    1066                      .dwattr $C$DW$110, DW_AT_name("R7HL")
    1067                      .dwattr $C$DW$110, DW_AT_location[DW_OP_regx 0x47]
    1068              
    1069              $C$DW$111       .dwtag  DW_TAG_TI_assign_register
TMS320C2000 Assembler PC v15.12.1 Sat Jun 25 21:32:06 2016

Tools Copyright (c) 1996-2015 Texas Instruments Incorporated
C:\Users\RJKJ_ZGH\AppData\Local\Temp\1012810                         PAGE   21

    1070                      .dwattr $C$DW$111, DW_AT_name("R7H")
    1071                      .dwattr $C$DW$111, DW_AT_location[DW_OP_regx 0x48]
    1072              
    1073              $C$DW$112       .dwtag  DW_TAG_TI_assign_register
    1074                      .dwattr $C$DW$112, DW_AT_name("RBL")
    1075                      .dwattr $C$DW$112, DW_AT_location[DW_OP_regx 0x49]
    1076              
    1077              $C$DW$113       .dwtag  DW_TAG_TI_assign_register
    1078                      .dwattr $C$DW$113, DW_AT_name("RB")
    1079                      .dwattr $C$DW$113, DW_AT_location[DW_OP_regx 0x4a]
    1080              
    1081              $C$DW$114       .dwtag  DW_TAG_TI_assign_register
    1082                      .dwattr $C$DW$114, DW_AT_name("STFL")
    1083                      .dwattr $C$DW$114, DW_AT_location[DW_OP_regx 0x27]
    1084              
    1085              $C$DW$115       .dwtag  DW_TAG_TI_assign_register
    1086                      .dwattr $C$DW$115, DW_AT_name("STF")
    1087                      .dwattr $C$DW$115, DW_AT_location[DW_OP_regx 0x28]
    1088              
    1089              $C$DW$116       .dwtag  DW_TAG_TI_assign_register
    1090                      .dwattr $C$DW$116, DW_AT_name("FPUHAZ")
    1091                      .dwattr $C$DW$116, DW_AT_location[DW_OP_reg27]
    1092              
    1093                      .dwendtag $C$DW$CU
    1094              

No Assembly Errors, No Assembly Warnings
